<?xml version="1.0" encoding="UTF-8"?>
<!-- Generated by org.testng.reporters.JUnitReportReporter -->
<testsuite hostname="DESKTOP-N901A1G" failures="0" tests="1" name="pageObjects.GitPage" time="0.025" errors="0" timestamp="2025-04-08T00:47:50 IST" skipped="0">
  <testcase classname="pageObjects.GitPage" name="gitPractice" time="0.025"/>
</testsuite> <!-- pageObjects.GitPage -->
