<?xml version="1.0" encoding="UTF-8"?>
<!-- Generated by org.testng.reporters.JUnitReportReporter -->
<testsuite hostname="DESKTOP-N901A1G" failures="0" tests="1" name="cucumberOptions.TestNGTestRunner" time="16.189" errors="0" timestamp="2025-04-06T00:13:31 IST" skipped="0">
  <testcase classname="cucumberOptions.TestNGTestRunner" name="runScenario" time="16.189"/>
</testsuite> <!-- cucumberOptions.TestNGTestRunner -->
